  ConsoleMenuProgram.c
c:\users\mattshim\desktop\15010979_consolemenuprogram\15010979_consolemenuprogram\consolemenuprogram.c(8): warning C4244: '함수': 'time_t'에서 'unsigned int'(으)로 변환하면서 데이터가 손실될 수 있습니다.
c:\users\mattshim\desktop\15010979_consolemenuprogram\15010979_consolemenuprogram\consolemenuprogram.c(67): warning C4996: 'scanf': This function or variable may be unsafe. Consider using scanf_s instead. To disable deprecation, use _CRT_SECURE_NO_WARNINGS. See online help for details.
  c:\program files (x86)\windows kits\10\include\10.0.10240.0\ucrt\stdio.h(1270): note: 'scanf' 선언을 참조하십시오.
c:\users\mattshim\desktop\15010979_consolemenuprogram\15010979_consolemenuprogram\consolemenuprogram.c(84): warning C4996: 'scanf': This function or variable may be unsafe. Consider using scanf_s instead. To disable deprecation, use _CRT_SECURE_NO_WARNINGS. See online help for details.
  c:\program files (x86)\windows kits\10\include\10.0.10240.0\ucrt\stdio.h(1270): note: 'scanf' 선언을 참조하십시오.
c:\users\mattshim\desktop\15010979_consolemenuprogram\15010979_consolemenuprogram\consolemenuprogram.c(168): warning C4996: 'scanf': This function or variable may be unsafe. Consider using scanf_s instead. To disable deprecation, use _CRT_SECURE_NO_WARNINGS. See online help for details.
  c:\program files (x86)\windows kits\10\include\10.0.10240.0\ucrt\stdio.h(1270): note: 'scanf' 선언을 참조하십시오.
c:\users\mattshim\desktop\15010979_consolemenuprogram\15010979_consolemenuprogram\consolemenuprogram.c(257): warning C4996: 'scanf': This function or variable may be unsafe. Consider using scanf_s instead. To disable deprecation, use _CRT_SECURE_NO_WARNINGS. See online help for details.
  c:\program files (x86)\windows kits\10\include\10.0.10240.0\ucrt\stdio.h(1270): note: 'scanf' 선언을 참조하십시오.
c:\users\mattshim\desktop\15010979_consolemenuprogram\15010979_consolemenuprogram\consolemenuprogram.c(274): warning C4996: 'strcpy': This function or variable may be unsafe. Consider using strcpy_s instead. To disable deprecation, use _CRT_SECURE_NO_WARNINGS. See online help for details.
  c:\program files (x86)\windows kits\10\include\10.0.10240.0\ucrt\string.h(119): note: 'strcpy' 선언을 참조하십시오.
c:\users\mattshim\desktop\15010979_consolemenuprogram\15010979_consolemenuprogram\consolemenuprogram.c(394): warning C4996: 'getch': The POSIX name for this item is deprecated. Instead, use the ISO C and C++ conformant name: _getch. See online help for details.
  c:\program files (x86)\windows kits\10\include\10.0.10240.0\ucrt\conio.h(452): note: 'getch' 선언을 참조하십시오.
c:\users\mattshim\desktop\15010979_consolemenuprogram\15010979_consolemenuprogram\consolemenuprogram.c(482): warning C4996: 'getch': The POSIX name for this item is deprecated. Instead, use the ISO C and C++ conformant name: _getch. See online help for details.
  c:\program files (x86)\windows kits\10\include\10.0.10240.0\ucrt\conio.h(452): note: 'getch' 선언을 참조하십시오.
c:\users\mattshim\desktop\15010979_consolemenuprogram\15010979_consolemenuprogram\consolemenuprogram.c(515): warning C4996: 'scanf': This function or variable may be unsafe. Consider using scanf_s instead. To disable deprecation, use _CRT_SECURE_NO_WARNINGS. See online help for details.
  c:\program files (x86)\windows kits\10\include\10.0.10240.0\ucrt\stdio.h(1270): note: 'scanf' 선언을 참조하십시오.
c:\users\mattshim\desktop\15010979_consolemenuprogram\15010979_consolemenuprogram\consolemenuprogram.c(530): warning C4996: 'putch': The POSIX name for this item is deprecated. Instead, use the ISO C and C++ conformant name: _putch. See online help for details.
  c:\program files (x86)\windows kits\10\include\10.0.10240.0\ucrt\conio.h(461): note: 'putch' 선언을 참조하십시오.
c:\users\mattshim\desktop\15010979_consolemenuprogram\15010979_consolemenuprogram\consolemenuprogram.c(534): warning C4996: 'putch': The POSIX name for this item is deprecated. Instead, use the ISO C and C++ conformant name: _putch. See online help for details.
  c:\program files (x86)\windows kits\10\include\10.0.10240.0\ucrt\conio.h(461): note: 'putch' 선언을 참조하십시오.
c:\users\mattshim\desktop\15010979_consolemenuprogram\15010979_consolemenuprogram\consolemenuprogram.c(539): warning C4996: 'putch': The POSIX name for this item is deprecated. Instead, use the ISO C and C++ conformant name: _putch. See online help for details.
  c:\program files (x86)\windows kits\10\include\10.0.10240.0\ucrt\conio.h(461): note: 'putch' 선언을 참조하십시오.
c:\users\mattshim\desktop\15010979_consolemenuprogram\15010979_consolemenuprogram\consolemenuprogram.c(545): warning C4996: 'putch': The POSIX name for this item is deprecated. Instead, use the ISO C and C++ conformant name: _putch. See online help for details.
  c:\program files (x86)\windows kits\10\include\10.0.10240.0\ucrt\conio.h(461): note: 'putch' 선언을 참조하십시오.
  15010979_ConsoleMenuProgram.vcxproj -> C:\Users\MattShim\Desktop\15010979_ConsoleMenuProgram\Debug\15010979_ConsoleMenuProgram.exe
  15010979_ConsoleMenuProgram.vcxproj -> C:\Users\MattShim\Desktop\15010979_ConsoleMenuProgram\Debug\15010979_ConsoleMenuProgram.pdb (Full PDB)
